mode: set
github.com/hewpao/hewpao-backend/usecase/auth.go:31.198,39.2 1 1
github.com/hewpao/hewpao-backend/usecase/auth.go:41.65,42.27 1 1
github.com/hewpao/hewpao-backend/usecase/auth.go:42.27,44.3 1 1
github.com/hewpao/hewpao-backend/usecase/auth.go:46.2,59.16 5 1
github.com/hewpao/hewpao-backend/usecase/auth.go:59.16,61.3 1 0
github.com/hewpao/hewpao-backend/usecase/auth.go:63.2,63.25 1 1
github.com/hewpao/hewpao-backend/usecase/auth.go:66.136,68.16 2 1
github.com/hewpao/hewpao-backend/usecase/auth.go:68.16,70.3 1 0
github.com/hewpao/hewpao-backend/usecase/auth.go:72.2,72.26 1 1
github.com/hewpao/hewpao-backend/usecase/auth.go:72.26,74.3 1 0
github.com/hewpao/hewpao-backend/usecase/auth.go:76.2,77.16 2 1
github.com/hewpao/hewpao-backend/usecase/auth.go:77.16,79.3 1 0
github.com/hewpao/hewpao-backend/usecase/auth.go:81.2,81.11 1 1
github.com/hewpao/hewpao-backend/usecase/auth.go:81.11,83.3 1 1
github.com/hewpao/hewpao-backend/usecase/auth.go:85.2,86.16 2 1
github.com/hewpao/hewpao-backend/usecase/auth.go:86.16,88.3 1 0
github.com/hewpao/hewpao-backend/usecase/auth.go:90.2,100.17 2 1
github.com/hewpao/hewpao-backend/usecase/auth.go:103.91,105.52 2 1
github.com/hewpao/hewpao-backend/usecase/auth.go:105.52,107.3 1 0
github.com/hewpao/hewpao-backend/usecase/auth.go:109.2,109.18 1 1
github.com/hewpao/hewpao-backend/usecase/auth.go:109.18,111.3 1 1
github.com/hewpao/hewpao-backend/usecase/auth.go:113.2,114.16 2 1
github.com/hewpao/hewpao-backend/usecase/auth.go:114.16,116.3 1 0
github.com/hewpao/hewpao-backend/usecase/auth.go:118.2,127.22 3 1
github.com/hewpao/hewpao-backend/usecase/auth.go:127.22,129.3 1 0
github.com/hewpao/hewpao-backend/usecase/auth.go:131.2,131.12 1 1
github.com/hewpao/hewpao-backend/usecase/auth.go:134.124,136.16 2 0
github.com/hewpao/hewpao-backend/usecase/auth.go:136.16,138.3 1 0
github.com/hewpao/hewpao-backend/usecase/auth.go:140.2,141.16 2 0
github.com/hewpao/hewpao-backend/usecase/auth.go:141.16,143.3 1 0
github.com/hewpao/hewpao-backend/usecase/auth.go:145.2,146.52 2 0
github.com/hewpao/hewpao-backend/usecase/auth.go:146.52,148.3 1 0
github.com/hewpao/hewpao-backend/usecase/auth.go:151.2,151.38 1 0
github.com/hewpao/hewpao-backend/usecase/auth.go:151.38,158.23 2 0
github.com/hewpao/hewpao-backend/usecase/auth.go:158.23,160.4 1 0
github.com/hewpao/hewpao-backend/usecase/auth.go:162.3,163.17 2 0
github.com/hewpao/hewpao-backend/usecase/auth.go:163.17,165.4 1 0
github.com/hewpao/hewpao-backend/usecase/auth.go:168.2,169.16 2 0
github.com/hewpao/hewpao-backend/usecase/auth.go:169.16,171.3 1 0
github.com/hewpao/hewpao-backend/usecase/auth.go:173.2,183.17 2 0
github.com/hewpao/hewpao-backend/usecase/chat.go:19.65,21.2 1 1
github.com/hewpao/hewpao-backend/usecase/chat.go:23.53,25.35 1 1
github.com/hewpao/hewpao-backend/usecase/chat.go:25.35,27.3 1 1
github.com/hewpao/hewpao-backend/usecase/chat.go:28.2,30.16 3 1
github.com/hewpao/hewpao-backend/usecase/chat.go:30.16,32.3 1 1
github.com/hewpao/hewpao-backend/usecase/chat.go:33.2,33.12 1 1
github.com/hewpao/hewpao-backend/usecase/chat.go:36.62,38.2 1 1
github.com/hewpao/hewpao-backend/usecase/chat.go:40.61,41.35 1 1
github.com/hewpao/hewpao-backend/usecase/chat.go:41.35,43.3 1 1
github.com/hewpao/hewpao-backend/usecase/chat.go:45.2,45.31 1 1
github.com/hewpao/hewpao-backend/usecase/checkout.go:28.316,37.2 1 0
github.com/hewpao/hewpao-backend/usecase/checkout.go:39.153,41.16 2 0
github.com/hewpao/hewpao-backend/usecase/checkout.go:41.16,43.3 1 0
github.com/hewpao/hewpao-backend/usecase/checkout.go:45.2,46.16 2 0
github.com/hewpao/hewpao-backend/usecase/checkout.go:46.16,48.3 1 0
github.com/hewpao/hewpao-backend/usecase/checkout.go:50.2,51.16 2 0
github.com/hewpao/hewpao-backend/usecase/checkout.go:51.16,53.3 1 0
github.com/hewpao/hewpao-backend/usecase/checkout.go:55.2,56.16 2 0
github.com/hewpao/hewpao-backend/usecase/checkout.go:56.16,58.3 1 0
github.com/hewpao/hewpao-backend/usecase/checkout.go:61.2,73.18 3 0
github.com/hewpao/hewpao-backend/usecase/checkout.go:73.18,75.3 1 0
github.com/hewpao/hewpao-backend/usecase/checkout.go:77.2,81.17 2 0
github.com/hewpao/hewpao-backend/usecase/checkout.go:84.134,86.2 1 0
github.com/hewpao/hewpao-backend/usecase/message.go:18.73,20.2 1 1
github.com/hewpao/hewpao-backend/usecase/message.go:22.106,32.16 3 1
github.com/hewpao/hewpao-backend/usecase/message.go:32.16,34.3 1 1
github.com/hewpao/hewpao-backend/usecase/message.go:36.2,36.21 1 1
github.com/hewpao/hewpao-backend/usecase/message.go:39.75,44.16 3 1
github.com/hewpao/hewpao-backend/usecase/message.go:44.16,46.3 1 1
github.com/hewpao/hewpao-backend/usecase/message.go:48.2,48.22 1 1
github.com/hewpao/hewpao-backend/usecase/message.go:51.70,54.16 3 1
github.com/hewpao/hewpao-backend/usecase/message.go:54.16,56.3 1 1
github.com/hewpao/hewpao-backend/usecase/message.go:57.2,57.21 1 1
github.com/hewpao/hewpao-backend/usecase/notification.go:27.255,36.2 1 1
github.com/hewpao/hewpao-backend/usecase/notification.go:38.145,40.16 2 1
github.com/hewpao/hewpao-backend/usecase/notification.go:40.16,42.3 1 1
github.com/hewpao/hewpao-backend/usecase/notification.go:44.2,45.16 2 1
github.com/hewpao/hewpao-backend/usecase/notification.go:45.16,47.3 1 1
github.com/hewpao/hewpao-backend/usecase/notification.go:49.2,49.12 1 1
github.com/hewpao/hewpao-backend/usecase/notification.go:52.96,54.16 2 1
github.com/hewpao/hewpao-backend/usecase/notification.go:54.16,56.3 1 1
github.com/hewpao/hewpao-backend/usecase/notification.go:58.2,61.33 3 1
github.com/hewpao/hewpao-backend/usecase/notification.go:61.33,64.17 3 1
github.com/hewpao/hewpao-backend/usecase/notification.go:64.17,66.4 1 1
github.com/hewpao/hewpao-backend/usecase/notification.go:69.2,69.29 1 1
github.com/hewpao/hewpao-backend/usecase/notification.go:70.54,73.17 3 1
github.com/hewpao/hewpao-backend/usecase/notification.go:73.17,75.4 1 0
github.com/hewpao/hewpao-backend/usecase/notification.go:76.51,78.21 2 1
github.com/hewpao/hewpao-backend/usecase/notification.go:78.21,80.4 1 1
github.com/hewpao/hewpao-backend/usecase/notification.go:82.3,83.17 2 1
github.com/hewpao/hewpao-backend/usecase/notification.go:83.17,85.4 1 0
github.com/hewpao/hewpao-backend/usecase/notification.go:86.61,90.17 3 1
github.com/hewpao/hewpao-backend/usecase/notification.go:90.17,92.4 1 1
github.com/hewpao/hewpao-backend/usecase/notification.go:94.3,95.23 2 1
github.com/hewpao/hewpao-backend/usecase/notification.go:95.23,97.4 1 1
github.com/hewpao/hewpao-backend/usecase/notification.go:99.3,100.17 2 1
github.com/hewpao/hewpao-backend/usecase/notification.go:100.17,102.4 1 0
github.com/hewpao/hewpao-backend/usecase/notification.go:103.10,104.13 1 0
github.com/hewpao/hewpao-backend/usecase/notification.go:107.2,107.12 1 1
github.com/hewpao/hewpao-backend/usecase/offer.go:29.16,36.2 1 1
github.com/hewpao/hewpao-backend/usecase/offer.go:38.82,41.16 3 1
github.com/hewpao/hewpao-backend/usecase/offer.go:41.16,43.3 1 1
github.com/hewpao/hewpao-backend/usecase/offer.go:45.2,45.38 1 1
github.com/hewpao/hewpao-backend/usecase/offer.go:45.38,47.3 1 1
github.com/hewpao/hewpao-backend/usecase/offer.go:49.2,50.16 2 1
github.com/hewpao/hewpao-backend/usecase/offer.go:50.16,52.3 1 1
github.com/hewpao/hewpao-backend/usecase/offer.go:54.2,63.16 3 1
github.com/hewpao/hewpao-backend/usecase/offer.go:63.16,65.3 1 1
github.com/hewpao/hewpao-backend/usecase/offer.go:67.2,67.12 1 1
github.com/hewpao/hewpao-backend/usecase/offer.go:70.113,72.16 2 1
github.com/hewpao/hewpao-backend/usecase/offer.go:72.16,74.3 1 1
github.com/hewpao/hewpao-backend/usecase/offer.go:76.2,77.16 2 1
github.com/hewpao/hewpao-backend/usecase/offer.go:77.16,79.3 1 1
github.com/hewpao/hewpao-backend/usecase/offer.go:81.2,81.18 1 1
github.com/hewpao/hewpao-backend/usecase/offer.go:81.18,83.3 1 1
github.com/hewpao/hewpao-backend/usecase/offer.go:85.2,94.17 2 1
github.com/hewpao/hewpao-backend/usecase/productRequest.go:44.306,55.2 1 1
github.com/hewpao/hewpao-backend/usecase/productRequest.go:57.158,59.16 2 1
github.com/hewpao/hewpao-backend/usecase/productRequest.go:59.16,61.3 1 0
github.com/hewpao/hewpao-backend/usecase/productRequest.go:63.2,64.16 2 1
github.com/hewpao/hewpao-backend/usecase/productRequest.go:64.16,66.3 1 0
github.com/hewpao/hewpao-backend/usecase/productRequest.go:68.2,68.30 1 1
github.com/hewpao/hewpao-backend/usecase/productRequest.go:68.30,69.26 1 1
github.com/hewpao/hewpao-backend/usecase/productRequest.go:70.13,71.45 1 1
github.com/hewpao/hewpao-backend/usecase/productRequest.go:71.45,73.5 1 0
github.com/hewpao/hewpao-backend/usecase/productRequest.go:75.4,78.18 4 1
github.com/hewpao/hewpao-backend/usecase/productRequest.go:78.18,80.5 1 0
github.com/hewpao/hewpao-backend/usecase/productRequest.go:82.4,89.88 2 1
github.com/hewpao/hewpao-backend/usecase/productRequest.go:89.88,91.5 1 0
github.com/hewpao/hewpao-backend/usecase/productRequest.go:93.14,94.40 1 1
github.com/hewpao/hewpao-backend/usecase/productRequest.go:94.40,96.5 1 0
github.com/hewpao/hewpao-backend/usecase/productRequest.go:98.4,103.88 2 1
github.com/hewpao/hewpao-backend/usecase/productRequest.go:103.88,105.5 1 0
github.com/hewpao/hewpao-backend/usecase/productRequest.go:109.2,112.16 3 1
github.com/hewpao/hewpao-backend/usecase/productRequest.go:112.16,114.3 1 0
github.com/hewpao/hewpao-backend/usecase/productRequest.go:116.2,116.28 1 1
github.com/hewpao/hewpao-backend/usecase/productRequest.go:119.120,122.16 3 0
github.com/hewpao/hewpao-backend/usecase/productRequest.go:122.16,124.3 1 0
github.com/hewpao/hewpao-backend/usecase/productRequest.go:126.2,126.38 1 0
github.com/hewpao/hewpao-backend/usecase/productRequest.go:126.38,128.3 1 0
github.com/hewpao/hewpao-backend/usecase/productRequest.go:130.2,130.30 1 0
github.com/hewpao/hewpao-backend/usecase/productRequest.go:130.30,135.17 4 0
github.com/hewpao/hewpao-backend/usecase/productRequest.go:135.17,137.4 1 0
github.com/hewpao/hewpao-backend/usecase/productRequest.go:139.3,140.43 2 0
github.com/hewpao/hewpao-backend/usecase/productRequest.go:140.43,141.24 1 0
github.com/hewpao/hewpao-backend/usecase/productRequest.go:141.24,143.10 2 0
github.com/hewpao/hewpao-backend/usecase/productRequest.go:147.3,147.13 1 0
github.com/hewpao/hewpao-backend/usecase/productRequest.go:147.13,149.4 1 0
github.com/hewpao/hewpao-backend/usecase/productRequest.go:153.2,157.30 5 0
github.com/hewpao/hewpao-backend/usecase/productRequest.go:157.30,159.3 1 0
github.com/hewpao/hewpao-backend/usecase/productRequest.go:159.8,161.3 1 0
github.com/hewpao/hewpao-backend/usecase/productRequest.go:163.2,164.16 2 0
github.com/hewpao/hewpao-backend/usecase/productRequest.go:164.16,166.3 1 0
github.com/hewpao/hewpao-backend/usecase/productRequest.go:167.2,167.12 1 0
github.com/hewpao/hewpao-backend/usecase/productRequest.go:170.152,172.29 2 1
github.com/hewpao/hewpao-backend/usecase/productRequest.go:172.29,176.17 3 1
github.com/hewpao/hewpao-backend/usecase/productRequest.go:176.17,178.4 1 1
github.com/hewpao/hewpao-backend/usecase/productRequest.go:180.3,180.48 1 1
github.com/hewpao/hewpao-backend/usecase/productRequest.go:183.2,185.41 2 1
github.com/hewpao/hewpao-backend/usecase/productRequest.go:185.41,188.3 2 1
github.com/hewpao/hewpao-backend/usecase/productRequest.go:190.2,198.16 5 1
github.com/hewpao/hewpao-backend/usecase/productRequest.go:198.16,200.3 1 1
github.com/hewpao/hewpao-backend/usecase/productRequest.go:202.2,205.16 3 1
github.com/hewpao/hewpao-backend/usecase/productRequest.go:205.16,207.3 1 1
github.com/hewpao/hewpao-backend/usecase/productRequest.go:208.2,208.12 1 1
github.com/hewpao/hewpao-backend/usecase/productRequest.go:211.104,213.16 2 1
github.com/hewpao/hewpao-backend/usecase/productRequest.go:213.16,215.3 1 0
github.com/hewpao/hewpao-backend/usecase/productRequest.go:216.2,217.16 2 1
github.com/hewpao/hewpao-backend/usecase/productRequest.go:217.16,219.3 1 0
github.com/hewpao/hewpao-backend/usecase/productRequest.go:221.2,242.18 2 1
github.com/hewpao/hewpao-backend/usecase/productRequest.go:245.129,247.16 2 1
github.com/hewpao/hewpao-backend/usecase/productRequest.go:247.16,249.3 1 0
github.com/hewpao/hewpao-backend/usecase/productRequest.go:251.2,253.49 2 1
github.com/hewpao/hewpao-backend/usecase/productRequest.go:253.49,255.17 2 1
github.com/hewpao/hewpao-backend/usecase/productRequest.go:255.17,257.4 1 0
github.com/hewpao/hewpao-backend/usecase/productRequest.go:259.3,279.39 2 1
github.com/hewpao/hewpao-backend/usecase/productRequest.go:282.2,282.17 1 1
github.com/hewpao/hewpao-backend/usecase/productRequest.go:285.126,287.16 2 1
github.com/hewpao/hewpao-backend/usecase/productRequest.go:287.16,289.3 1 0
github.com/hewpao/hewpao-backend/usecase/productRequest.go:291.2,293.49 2 1
github.com/hewpao/hewpao-backend/usecase/productRequest.go:293.49,295.17 2 1
github.com/hewpao/hewpao-backend/usecase/productRequest.go:295.17,297.4 1 0
github.com/hewpao/hewpao-backend/usecase/productRequest.go:299.3,319.39 2 1
github.com/hewpao/hewpao-backend/usecase/productRequest.go:322.2,322.17 1 1
github.com/hewpao/hewpao-backend/usecase/productRequest.go:325.168,327.16 2 1
github.com/hewpao/hewpao-backend/usecase/productRequest.go:327.16,329.3 1 0
github.com/hewpao/hewpao-backend/usecase/productRequest.go:331.2,335.49 3 1
github.com/hewpao/hewpao-backend/usecase/productRequest.go:335.49,337.17 2 1
github.com/hewpao/hewpao-backend/usecase/productRequest.go:337.17,339.4 1 0
github.com/hewpao/hewpao-backend/usecase/productRequest.go:340.3,359.41 2 1
github.com/hewpao/hewpao-backend/usecase/productRequest.go:362.2,370.18 2 1
github.com/hewpao/hewpao-backend/usecase/productRequest.go:373.86,375.16 2 0
github.com/hewpao/hewpao-backend/usecase/productRequest.go:375.16,377.3 1 0
github.com/hewpao/hewpao-backend/usecase/productRequest.go:379.2,379.38 1 0
github.com/hewpao/hewpao-backend/usecase/productRequest.go:379.38,381.3 1 0
github.com/hewpao/hewpao-backend/usecase/productRequest.go:383.2,384.16 2 0
github.com/hewpao/hewpao-backend/usecase/productRequest.go:384.16,386.3 1 0
github.com/hewpao/hewpao-backend/usecase/productRequest.go:388.2,388.12 1 0
github.com/hewpao/hewpao-backend/usecase/productRequest.go:391.86,393.16 2 1
github.com/hewpao/hewpao-backend/usecase/productRequest.go:393.16,395.3 1 1
github.com/hewpao/hewpao-backend/usecase/productRequest.go:397.2,399.16 3 1
github.com/hewpao/hewpao-backend/usecase/productRequest.go:399.16,401.3 1 1
github.com/hewpao/hewpao-backend/usecase/productRequest.go:403.2,403.12 1 1
github.com/hewpao/hewpao-backend/usecase/transaction.go:27.85,29.2 1 1
github.com/hewpao/hewpao-backend/usecase/transaction.go:31.125,32.55 1 1
github.com/hewpao/hewpao-backend/usecase/transaction.go:32.55,34.3 1 1
github.com/hewpao/hewpao-backend/usecase/transaction.go:36.2,44.16 3 1
github.com/hewpao/hewpao-backend/usecase/transaction.go:44.16,46.3 1 1
github.com/hewpao/hewpao-backend/usecase/transaction.go:47.2,47.25 1 1
github.com/hewpao/hewpao-backend/usecase/transaction.go:50.110,52.16 2 1
github.com/hewpao/hewpao-backend/usecase/transaction.go:52.16,54.3 1 1
github.com/hewpao/hewpao-backend/usecase/transaction.go:55.2,55.25 1 1
github.com/hewpao/hewpao-backend/usecase/transaction.go:58.144,60.16 2 1
github.com/hewpao/hewpao-backend/usecase/transaction.go:60.16,62.3 1 1
github.com/hewpao/hewpao-backend/usecase/transaction.go:63.2,63.25 1 1
github.com/hewpao/hewpao-backend/usecase/transaction.go:66.121,68.16 2 1
github.com/hewpao/hewpao-backend/usecase/transaction.go:68.16,70.3 1 1
github.com/hewpao/hewpao-backend/usecase/transaction.go:72.2,72.26 1 1
github.com/hewpao/hewpao-backend/usecase/travelerPayoutAccount.go:23.173,29.2 1 1
github.com/hewpao/hewpao-backend/usecase/travelerPayoutAccount.go:31.137,33.16 2 1
github.com/hewpao/hewpao-backend/usecase/travelerPayoutAccount.go:33.16,35.3 1 1
github.com/hewpao/hewpao-backend/usecase/travelerPayoutAccount.go:37.2,45.21 3 1
github.com/hewpao/hewpao-backend/usecase/travelerPayoutAccount.go:45.21,47.3 1 1
github.com/hewpao/hewpao-backend/usecase/travelerPayoutAccount.go:49.2,49.12 1 1
github.com/hewpao/hewpao-backend/usecase/travelerPayoutAccount.go:52.125,54.16 2 1
github.com/hewpao/hewpao-backend/usecase/travelerPayoutAccount.go:54.16,56.3 1 1
github.com/hewpao/hewpao-backend/usecase/travelerPayoutAccount.go:58.2,62.17 2 1
github.com/hewpao/hewpao-backend/usecase/travelerPayoutAccount.go:65.107,67.16 2 1
github.com/hewpao/hewpao-backend/usecase/travelerPayoutAccount.go:67.16,69.3 1 1
github.com/hewpao/hewpao-backend/usecase/travelerPayoutAccount.go:71.2,75.17 2 1
github.com/hewpao/hewpao-backend/usecase/user.go:20.69,24.2 1 1
github.com/hewpao/hewpao-backend/usecase/user.go:26.89,28.16 2 1
github.com/hewpao/hewpao-backend/usecase/user.go:28.16,30.3 1 1
github.com/hewpao/hewpao-backend/usecase/user.go:32.2,32.18 1 1
github.com/hewpao/hewpao-backend/usecase/user.go:35.101,36.65 1 1
github.com/hewpao/hewpao-backend/usecase/user.go:36.65,38.3 1 1
github.com/hewpao/hewpao-backend/usecase/user.go:40.2,40.12 1 1
github.com/hewpao/hewpao-backend/usecase/verification.go:32.262,41.2 1 1
github.com/hewpao/hewpao-backend/usecase/verification.go:43.132,45.16 2 1
github.com/hewpao/hewpao-backend/usecase/verification.go:45.16,47.3 1 0
github.com/hewpao/hewpao-backend/usecase/verification.go:49.2,49.36 1 1
github.com/hewpao/hewpao-backend/usecase/verification.go:49.36,51.3 1 0
github.com/hewpao/hewpao-backend/usecase/verification.go:53.2,54.16 2 1
github.com/hewpao/hewpao-backend/usecase/verification.go:54.16,56.3 1 0
github.com/hewpao/hewpao-backend/usecase/verification.go:58.2,60.16 3 1
github.com/hewpao/hewpao-backend/usecase/verification.go:60.16,62.3 1 0
github.com/hewpao/hewpao-backend/usecase/verification.go:64.2,64.12 1 1
github.com/hewpao/hewpao-backend/usecase/verification.go:67.105,89.2 1 1
github.com/hewpao/hewpao-backend/usecase/verification.go:91.129,93.16 2 1
github.com/hewpao/hewpao-backend/usecase/verification.go:93.16,95.3 1 0
github.com/hewpao/hewpao-backend/usecase/verification.go:97.2,98.16 2 1
github.com/hewpao/hewpao-backend/usecase/verification.go:98.16,100.3 1 0
github.com/hewpao/hewpao-backend/usecase/verification.go:102.2,103.16 2 1
github.com/hewpao/hewpao-backend/usecase/verification.go:103.16,105.3 1 0
github.com/hewpao/hewpao-backend/usecase/verification.go:107.2,110.16 3 1
github.com/hewpao/hewpao-backend/usecase/verification.go:110.16,112.3 1 0
github.com/hewpao/hewpao-backend/usecase/verification.go:114.2,115.64 2 1
github.com/hewpao/hewpao-backend/usecase/verification.go:115.64,117.3 1 0
github.com/hewpao/hewpao-backend/usecase/verification.go:119.2,119.12 1 1
github.com/hewpao/hewpao-backend/usecase/verification.go:122.129,124.16 2 1
github.com/hewpao/hewpao-backend/usecase/verification.go:124.16,126.3 1 0
github.com/hewpao/hewpao-backend/usecase/verification.go:128.2,128.36 1 1
github.com/hewpao/hewpao-backend/usecase/verification.go:128.36,130.3 1 0
github.com/hewpao/hewpao-backend/usecase/verification.go:132.2,133.16 2 1
github.com/hewpao/hewpao-backend/usecase/verification.go:133.16,135.3 1 0
github.com/hewpao/hewpao-backend/usecase/verification.go:137.2,139.16 3 1
github.com/hewpao/hewpao-backend/usecase/verification.go:139.16,141.3 1 0
github.com/hewpao/hewpao-backend/usecase/verification.go:143.2,146.12 3 1
